<?xml version="1.0" encoding="UTF-8"?>
<!-- Generated by org.testng.reporters.JUnitReportReporter -->
<testsuite hostname="DESKTOP-58P6EJL" name="com.qa.manor.tests.LoginPageTest" tests="3" failures="0" timestamp="29 May 2020 15:56:32 GMT" time="60.682" errors="0">
  <testcase name="verifyForgetPwd_test" time="19.722" classname="com.qa.manor.tests.LoginPageTest"/>
  <testcase name="getLoginPageTitle_test" time="18.579" classname="com.qa.manor.tests.LoginPageTest"/>
  <testcase name="doLogin_test" time="22.381" classname="com.qa.manor.tests.LoginPageTest"/>
</testsuite> <!-- com.qa.manor.tests.LoginPageTest -->
